<?xml version="1.0" encoding="UTF-8"?>
<testsuite name="demo.service.OrderServiceSpec" tests="3" skipped="0" failures="0" errors="0" timestamp="2019-03-07T11:29:03" hostname="ttn" time="0.138">
  <properties/>
  <testcase name="Testing PlaceOrder() mocking example" classname="demo.service.OrderServiceSpec" time="0.134"/>
  <testcase name="Testing PlaceOrder() stubing example: 1" classname="demo.service.OrderServiceSpec" time="0.003"/>
  <testcase name="Testing PlaceOrder() stubing example: 2" classname="demo.service.OrderServiceSpec" time="0.001"/>
  <system-out><![CDATA[]]></system-out>
  <system-err><![CDATA[]]></system-err>
</testsuite>
